<?xml version="1.0" encoding="UTF-8"?>
<!-- Generated by org.testng.reporters.JUnitReportReporter -->
<testsuite skipped="0" hostname="Ramkumar" name="suiteC.TestCC" tests="1" failures="0" timestamp="2020-06-22T15:16:16 IST" time="0.017" errors="0">
  <testcase name="testCC" time="0.017" classname="suiteC.TestCC"/>
</testsuite> <!-- suiteC.TestCC -->
