<?xml version="1.0" encoding="UTF-8"?>
<!-- Generated by org.testng.reporters.JUnitReportReporter -->
<testsuite skipped="0" hostname="Ramkumar" name="suiteA.TestA" tests="1" failures="0" timestamp="2020-06-22T15:16:16 IST" time="1.076" errors="0">
  <testcase name="testA" time="1.076" classname="suiteA.TestA"/>
</testsuite> <!-- suiteA.TestA -->
