<?xml version="1.0" encoding="UTF-8"?>
<!-- Generated by org.testng.reporters.JUnitReportReporter -->
<testsuite skipped="0" hostname="Ramkumar" name="suiteB.TestB" tests="1" failures="0" timestamp="2020-06-22T15:16:16 IST" time="0.017" errors="0">
  <testcase name="testB" time="0.017" classname="suiteB.TestB"/>
</testsuite> <!-- suiteB.TestB -->
