<?xml version="1.0" encoding="UTF-8"?>
<!-- Generated by org.testng.reporters.JUnitReportReporter -->
<testsuite hostname="Ramkumar" failures="0" tests="1" name="suiteB.TestB" time="0.128" errors="0" timestamp="2020-06-22T13:13:12 IST" skipped="0">
  <testcase classname="suiteB.TestB" name="testB" time="0.128"/>
</testsuite> <!-- suiteB.TestB -->
