<?xml version="1.0" encoding="UTF-8"?>
<!-- Generated by org.testng.reporters.JUnitReportReporter -->
<testsuite hostname="Ramkumar" failures="0" tests="1" name="suiteA.TestAA" time="0.075" errors="0" timestamp="2020-06-22T13:13:12 IST" skipped="0">
  <testcase classname="suiteA.TestAA" name="testAA" time="0.075"/>
</testsuite> <!-- suiteA.TestAA -->
